[0.000000] (-) TimerEvent: {}
[0.000455] (-) JobUnselected: {'identifier': 'editing_map'}
[0.000708] (-) JobUnselected: {'identifier': 'map_test'}
[0.000719] (-) JobUnselected: {'identifier': 'my_package'}
[0.000729] (-) JobUnselected: {'identifier': 'my_robot'}
[0.000736] (-) JobUnselected: {'identifier': 'turtlesim'}
[0.000747] (map_right_hand) JobQueued: {'identifier': 'map_right_hand', 'dependencies': OrderedDict()}
[0.000758] (map_right_hand) JobStarted: {'identifier': 'map_right_hand'}
[0.099786] (-) TimerEvent: {}
[0.200055] (-) TimerEvent: {}
[0.300345] (-) TimerEvent: {}
[0.400678] (-) TimerEvent: {}
[0.463190] (map_right_hand) StderrLine: {'line': b'Traceback (most recent call last):\n  File "/usr/lib/python3/dist-packages/colcon_parallel_executor/executor/parallel.py", line 75, in execute\n    loop.run_until_complete(future)\n  File "/usr/lib/python3.10/asyncio/base_events.py", line 636, in run_until_complete\n    self.run_forever()\n  File "/usr/lib/python3.10/asyncio/base_events.py", line 603, in run_forever\n    self._run_once()\n  File "/usr/lib/python3.10/asyncio/base_events.py", line 1871, in _run_once\n    event_list = self._selector.select(timeout)\n  File "/usr/lib/python3.10/selectors.py", line 469, in select\n    fd_event_list = self._selector.poll(timeout, max_ev)\nKeyboardInterrupt\n\nDuring handling of the above exception, another exception occurred:\n\nTraceback (most recent call last):\n  File "/usr/lib/python3/dist-packages/colcon_core/executor/__init__.py", line 91, in __call__\n    rc = await self.task(*args, **kwargs)\n  File "/usr/lib/python3/dist-packages/colcon_core/task/__init__.py", line 93, in __call__\n    return await task_method(*args, **kwargs)\n  File "/usr/lib/python3/dist-packages/colcon_ros/task/ament_python/build.py", line 102, in build\n    return await extension.build(additional_hooks=additional_hooks)\n  File "/usr/lib/python3/dist-packages/colcon_core/task/python/build.py", line 96, in build\n    available_commands = await self._get_available_commands(\n  File "/usr/lib/python3/dist-packages/colcon_core/task/python/build.py", line 194, in _get_available_commands\n    output = await check_output(\n  File "/usr/lib/python3/dist-packages/colcon_core/subprocess.py", line 129, in check_output\n    assert not rc, f\'Expected {args} to pass: {stderr_data}\'\nAssertionError: Expected [\'/usr/bin/python3\', \'-W\', \'ignore:setup.py install is deprecated\', \'-W\', \'ignore:easy_install command is deprecated\', \'setup.py\', \'--help-commands\'] to pass: /home/neo/.local/lib/python3.10/site-packages/setuptools/_distutils/dist.py:289: UserWarning: Unknown distribution option: \'tests_require\'\n  warnings.warn(msg)\nTraceback (most recent call last):\n  File "/home/neo/Documents/ros2_ws/src/map_right_hand/setup.py", line 5, in <module>\n    setup(\n  File "/home/neo/.local/lib/python3.10/site-packages/setuptools/__init__.py", line 117, in setup\n    return distutils.core.setup(**attrs)\n  File "/home/neo/.local/lib/python3.10/site-packages/setuptools/_distutils/core.py", line 173, in setup\n    ok = dist.parse_command_line()\n  File "/home/neo/.local/lib/python3.10/site-packages/setuptools/_distutils/dist.py", line 499, in parse_command_line\n    if self.handle_display_options(option_order):\n  File "/home/neo/.local/lib/python3.10/site-packages/setuptools/dist.py", line 1080, in handle_display_options\n    return _Distribution.handle_display_options(self, option_order)\n  File "/home/neo/.local/lib/python3.10/site-packages/setuptools/_distutils/dist.py", line 713, in handle_display_options\n    self.print_commands()\n  File "/home/neo/.local/lib/python3.10/site-packages/setuptools/dist.py", line 856, in print_commands\n    cmdclass = ep.load()\n  File "/usr/lib/python3.10/importlib/metadata/__init__.py", line 171, in load\n    module = import_module(match.group(\'module\'))\n  File "/usr/lib/python3.10/importlib/__init__.py", line 126, in import_module\n    return _bootstrap._gcd_import(name[level:], package, level)\n  File "<frozen importlib._bootstrap>", line 1050, in _gcd_import\n  File "<frozen importlib._bootstrap>", line 1027, in _find_and_load\n  File "<frozen importlib._bootstrap>", line 1006, in _find_and_load_unlocked\n  File "<frozen importlib._bootstrap>", line 688, in _load_unlocked\n  File "<frozen importlib._bootstrap_external>", line 883, in exec_module\n  File "<frozen importlib._bootstrap>", line 241, in _call_with_frames_removed\n  File "/home/neo/.local/lib/python3.10/site-packages/setuptools/command/develop.py", line 6, in <module>\n    from setuptools.command.easy_install import easy_install\n  File "/home/neo/.local/lib/python3.10/site-packages/setuptools/command/easy_install.py", line 41, in <module>\n    import pkg_resources\n  File "/home/neo/.local/lib/python3.10/site-packages/pkg_resources/__init__.py", line 3662, in <module>\n    def _initialize_master_working_set() -> None:\n  File "/home/neo/.local/lib/python3.10/site-packages/pkg_resources/__init__.py", line 3645, in _call_aside\n    f(*args, **kwargs)\n  File "/home/neo/.local/lib/python3.10/site-packages/pkg_resources/__init__.py", line 3674, in _initialize_master_working_set\n    working_set = _declare_state(\'object\', \'working_set\', WorkingSet._build_master())\n  File "/home/neo/.local/lib/python3.10/site-packages/pkg_resources/__init__.py", line 645, in _build_master\n    ws = cls()\n  File "/home/neo/.local/lib/python3.10/site-packages/pkg_resources/__init__.py", line 638, in __init__\n    self.add_entry(entry)\n  File "/home/neo/.local/lib/python3.10/site-packages/pkg_resources/__init__.py", line 694, in add_entry\n    for dist in find_distributions(entry, True):\n  File "/home/neo/.local/lib/python3.10/site-packages/pkg_resources/__init__.py", line 2339, in find_on_path\n    yield from factory(fullpath)\n  File "/home/neo/.local/lib/python3.10/site-packages/pkg_resources/__init__.py", line 2403, in distributions_from_metadata\n    yield Distribution.from_location(\n  File "/home/neo/.local/lib/python3.10/site-packages/pkg_resources/__init__.py", line 2954, in from_location\n    )._reload_version()\n  File "/home/neo/.local/lib/python3.10/site-packages/pkg_resources/__init__.py", line 3366, in _reload_version\n    md_version = self._get_version()\n  File "/home/neo/.local/lib/python3.10/site-packages/pkg_resources/__init__.py", line 3136, in _get_version\n    return _version_from_file(lines)\n  File "/home/neo/.local/lib/python3.10/site-packages/pkg_resources/__init__.py", line 2901, in _version_from_file\n    return safe_version(value.strip()) or None\n  File "/home/neo/.local/lib/python3.10/site-packages/pkg_resources/__init__.py", line 1570, in safe_version\n    return str(packaging.version.Version(version))\n  File "/home/neo/.local/lib/python3.10/site-packages/packaging/version.py", line 258, in __str__\n    if self.dev is not None:\n  File "/home/neo/.local/lib/python3.10/site-packages/packaging/version.py", line 329, in dev\n    return self._version.dev[1] if self._version.dev else None\nKeyboardInterrupt\n\n'}
[0.463752] (map_right_hand) JobEnded: {'identifier': 'map_right_hand', 'rc': 'SIGINT'}
[0.473798] (-) EventReactorShutdown: {}
